<?xml version="1.0" encoding="UTF-8"?>
<!-- Generated by org.testng.reporters.JUnitReportReporter -->
<testsuite skipped="0" hostname="BDC6-DX-6D6BNK2" name="com.test.NewTest3" tests="1" failures="0" timestamp="13 Jun 2019 11:10:54 GMT" time="13.497" errors="0">
  <testcase name="testdemowebRegistration" time="13.497" classname="com.test.NewTest3"/>
</testsuite> <!-- com.test.NewTest3 -->
