<?xml version="1.0" encoding="UTF-8"?>
<!-- Generated by org.testng.reporters.JUnitReportReporter -->
<testsuite skipped="0" hostname="BDC6-DX-6D6BNK2" name="com.test.NewTest4" tests="1" failures="0" timestamp="14 Jun 2019 04:49:36 GMT" time="9.749" errors="0">
  <testcase name="webapllicationregistration" time="9.749" classname="com.test.NewTest4"/>
</testsuite> <!-- com.test.NewTest4 -->
