<?xml version="1.0" encoding="UTF-8"?>
<!-- Generated by org.testng.reporters.JUnitReportReporter -->
<testsuite skipped="0" hostname="BDC6-DX-6D6BNK2" name="com.test.NewTest2" tests="1" failures="0" timestamp="13 Jun 2019 10:59:37 GMT" time="12.277" errors="0">
  <testcase name="testdemowebshoplogin" time="12.277" classname="com.test.NewTest2"/>
</testsuite> <!-- com.test.NewTest2 -->
